------------------------------------------------
Starting Monthly Training at Tue Dec 30 09:33:26 IST 2025
=== Federated Learning Server Automation ===
Directory fl_updates does not exist.
Found 0 pending updates.
Not enough updates to trigger training (Need 1). Waiting...
Training finished at Tue Dec 30 09:33:27 IST 2025
------------------------------------------------
------------------------------------------------
Starting Monthly Training at Tue Dec 30 09:54:43 IST 2025
=== Federated Learning Server Automation ===
Directory fl_updates does not exist.
Found 0 pending updates.
Not enough updates to trigger training (Need 1). Waiting...
Training finished at Tue Dec 30 09:54:43 IST 2025
------------------------------------------------
------------------------------------------------
Starting Monthly Training at Tue Dec 30 09:58:05 IST 2025
=== Federated Learning Server Automation ===
Found 0 pending updates.
Not enough updates to trigger training (Need 1). Waiting...
Training finished at Tue Dec 30 09:58:05 IST 2025
------------------------------------------------
------------------------------------------------
Starting Monthly Training at Tue Dec 30 09:59:13 IST 2025
=== Federated Learning Server Automation ===
Found 0 pending updates.
Not enough updates to trigger training (Need 1). Waiting...
Training finished at Tue Dec 30 09:59:13 IST 2025
------------------------------------------------
------------------------------------------------
Starting Monthly Training at Tue Jan  6 12:56:32 IST 2026
=== Federated Learning Server Automation ===
Found 646 pending updates.
Starting training with 646 new samples...
Optimization in progress...
Processed and removed grad_695cb84ae621a.json
Processed and removed grad_695cb84ced02e.json
Processed and removed grad_695cb84cac0e6.json
Processed and removed grad_695cb84c0b9c7.json
Processed and removed grad_695cb84b57c8a.json
Processed and removed grad_695cb84c6a114.json
Processed and removed grad_695cb84cd6195.json
Processed and removed grad_695cb84b642fa.json
Processed and removed grad_695cb84bb4648.json
Processed and removed grad_695cb84c8e529.json
Processed and removed grad_695cb84c3fc45.json
Processed and removed grad_695cb84ba2453.json
Processed and removed grad_695cb84b21bcf.json
Processed and removed grad_695cb84ae6c13.json
Processed and removed grad_695cb84ad0b28.json
Processed and removed grad_695cb84be05e7.json
Processed and removed grad_695cb84cf118e.json
Processed and removed grad_695cb84c9f2f5.json
Processed and removed grad_695cb84b9cfda.json
Processed and removed grad_695cb84b25fe5.json
Processed and removed grad_695cb84b8f0a5.json
Processed and removed grad_695cb84cd9061.json
Processed and removed grad_695cb84b36d77.json
Processed and removed grad_695cb84c64896.json
Processed and removed grad_695cb84cb2b1a.json
Processed and removed grad_695cb84c1a810.json
Processed and removed grad_695cb84cad098.json
Processed and removed grad_695cb84b13cb1.json
Processed and removed grad_695cb84c9dba4.json
Processed and removed grad_695cb84b8c31a.json
Processed and removed grad_695cb84b400a7.json
Processed and removed grad_695cb84c030fe.json
Processed and removed grad_695cb84b86952.json
Processed and removed grad_695cb84ce63d4.json
Processed and removed grad_695cb84c1ec11.json
Processed and removed grad_695cb84aaf64c.json
Processed and removed grad_695cb84c48127.json
Processed and removed grad_695cb84bf12d7.json
Processed and removed grad_695cb84c6521d.json
Processed and removed grad_695cb84bcd453.json
Processed and removed grad_695cb84c517db.json
Processed and removed grad_695cb84ca3086.json
Processed and removed grad_695cb84ab4ba2.json
Processed and removed grad_695cb84bbe8f1.json
Processed and removed grad_695cb84cc291b.json
Processed and removed grad_695cb84bbf655.json
Processed and removed grad_695cb84bf2b45.json
Processed and removed grad_695cb84adba30.json
Processed and removed grad_695cb84cf40c4.json
Processed and removed grad_695cb84cc8a74.json
Processed and removed grad_695cb84ae8a41.json
Processed and removed grad_695cb84bf1e00.json
Processed and removed grad_695cb84bc5e8e.json
Processed and removed grad_695cb84ce6ad8.json
Processed and removed grad_695cb84bde438.json
Processed and removed grad_695cb84cb9050.json
Processed and removed grad_695cb84b4f467.json
Processed and removed grad_695cb84b8eb20.json
Processed and removed grad_695cb84b2dfde.json
Processed and removed grad_695cb84bd1ad6.json
Processed and removed grad_695cb84c74930.json
Processed and removed grad_695cb84c015cf.json
Processed and removed grad_695cb84cee4bf.json
Processed and removed grad_695cb84b6d6f1.json
Processed and removed grad_695cb84cc9a18.json
Processed and removed grad_695cb84c41795.json
Processed and removed grad_695cb84b2c249.json
Processed and removed grad_695cb84c283d4.json
Processed and removed grad_695cb84b7dea3.json
Processed and removed grad_695cb84c6c41f.json
Processed and removed grad_695cb84c37d5f.json
Processed and removed grad_695cb84c1130b.json
Processed and removed grad_695cb84cf3995.json
Processed and removed grad_695cb84ac85b9.json
Processed and removed grad_695cb84ca64c2.json
Processed and removed grad_695cb84cdc39a.json
Processed and removed grad_695cb84b28a67.json
Processed and removed grad_695cb84cdbe3e.json
Processed and removed grad_695cb84ce0037.json
Processed and removed grad_695cb84b04414.json
Processed and removed grad_695cb84bdf829.json
Processed and removed grad_695cb84cb045a.json
Processed and removed grad_695cb84be61ec.json
Processed and removed grad_695cb84b74741.json
Processed and removed grad_695cb84b6931d.json
Processed and removed grad_695cb84b49e70.json
Processed and removed grad_695cb84bafc69.json
Processed and removed grad_695cb84c6ac15.json
Processed and removed grad_695cb84bb136b.json
Processed and removed grad_695cb84ce1923.json
Processed and removed grad_695cb84b6f6c0.json
Processed and removed grad_695cb84c06f7c.json
Processed and removed grad_695cb84cd80f4.json
Processed and removed grad_695cb84b2b199.json
Processed and removed grad_695cb84b14480.json
Processed and removed grad_695cb84bcb2ab.json
Processed and removed grad_695cb84cf2dff.json
Processed and removed grad_695cb84c32b23.json
Processed and removed grad_695cb84b087bf.json
Processed and removed grad_695cb84ad820b.json
Processed and removed grad_695cb84af3270.json
Processed and removed grad_695cb84c93075.json
Processed and removed grad_695cb84ce4b6e.json
Processed and removed grad_695cb84c50c27.json
Processed and removed grad_695cb84c4653d.json
Processed and removed grad_695cb84c555b6.json
Processed and removed grad_695cb84b839c4.json
Processed and removed grad_695cb84b61742.json
Processed and removed grad_695cb84ce12b4.json
Processed and removed grad_695cb84ba66de.json
Processed and removed grad_695cb84af2c35.json
Processed and removed grad_695cb84c1d605.json
Processed and removed grad_695cb84c2ddc3.json
Processed and removed grad_695cb84b4e568.json
Processed and removed grad_695cb84cc4511.json
Processed and removed grad_695cb84c8256f.json
Processed and removed grad_695cb84c4474e.json
Processed and removed grad_695cb84b2904d.json
Processed and removed grad_695cb84c6b9b7.json
Processed and removed grad_695cb84ad601a.json
Processed and removed grad_695cb84b2edd3.json
Processed and removed grad_695cb84c55a3d.json
Processed and removed grad_695cb84b5e0ab.json
Processed and removed grad_695cb84af4055.json
Processed and removed grad_695cb84cb5cce.json
Processed and removed grad_695cb84bd7f28.json
Processed and removed grad_695cb84c31bb0.json
Processed and removed grad_695cb84c488c6.json
Processed and removed grad_695cb84bb720b.json
Processed and removed grad_695cb84ae259b.json
Processed and removed grad_695cb84ba797b.json
Processed and removed grad_695cb84ae75a1.json
Processed and removed grad_695cb84c0d783.json
Processed and removed grad_695cb84c93efc.json
Processed and removed grad_695cb84baca5f.json
Processed and removed grad_695cb84ba0992.json
Processed and removed grad_695cb84b60e55.json
Processed and removed grad_695cb84ce97ba.json
Processed and removed grad_695cb84c90577.json
Processed and removed grad_695cb84b0a9f6.json
Processed and removed grad_695cb84b905c5.json
Processed and removed grad_695cb84c12220.json
Processed and removed grad_695cb84c9ea6c.json
Processed and removed grad_695cb84bcf1f2.json
Processed and removed grad_695cb84c27a63.json
Processed and removed grad_695cb84cbc28c.json
Processed and removed grad_695cb84c0f24d.json
Processed and removed grad_695cb84b0d23b.json
Processed and removed grad_695cb84c41c5a.json
Processed and removed grad_695cb84b93b5c.json
Processed and removed grad_695cb84b56fee.json
Processed and removed grad_695cb84bbb5f7.json
Processed and removed grad_695cb84b454fe.json
Processed and removed grad_695cb84bee1dd.json
Processed and removed grad_695cb84c8bd80.json
Processed and removed grad_695cb84c35407.json
Processed and removed grad_695cb84b3e8bc.json
Processed and removed grad_695cb84bc356d.json
Processed and removed grad_695cb84cb331c.json
Processed and removed grad_695cb84ba1222.json
Processed and removed grad_695cb84c381d2.json
Processed and removed grad_695cb84c7ecb3.json
Processed and removed grad_695cb84bf354f.json
Processed and removed grad_695cb84c8d2b9.json
Processed and removed grad_695cb84c07d3e.json
Processed and removed grad_695cb84bd1d1f.json
Processed and removed grad_695cb84b72942.json
Processed and removed grad_695cb84c15137.json
Processed and removed grad_695cb84bbfcc9.json
Processed and removed grad_695cb84c3b141.json
Processed and removed grad_695cb84c889c2.json
Processed and removed grad_695cb84b411d3.json
Processed and removed grad_695cb84ccd18b.json
Processed and removed grad_695cb84b815c4.json
Processed and removed grad_695cb84b32864.json
Processed and removed grad_695cb84cae115.json
Processed and removed grad_695cb84c2994f.json
Processed and removed grad_695cb84c1ba53.json
Processed and removed grad_695cb84bc697a.json
Processed and removed grad_695cb84adde0e.json
Processed and removed grad_695cb84c11924.json
Processed and removed grad_695cb84c0768a.json
Processed and removed grad_695cb84c7d4c7.json
Processed and removed grad_695cb84b3a3d9.json
Processed and removed grad_695cb84cab977.json
Processed and removed grad_695cb84cbf46e.json
Processed and removed grad_695cb84c94538.json
Processed and removed grad_695cb84aaee76.json
Processed and removed grad_695cb84bb63be.json
Processed and removed grad_695cb84b103a6.json
Processed and removed grad_695cb84b5ff77.json
Processed and removed grad_695cb84ae341b.json
Processed and removed grad_695cb84b76e94.json
Processed and removed grad_695cb84b077d2.json
Processed and removed grad_695cb84b356c3.json
Processed and removed grad_695cb84cc0200.json
Processed and removed grad_695cb84acc5a3.json
Processed and removed grad_695cb84bba3d7.json
Processed and removed grad_695cb84bb6cc5.json
Processed and removed grad_695cb84ca06d6.json
Processed and removed grad_695cb84b134fb.json
Processed and removed grad_695cb84c56c44.json
Processed and removed grad_695cb84ae1d44.json
Processed and removed grad_695cb84cac872.json
Processed and removed grad_695cb84ccfcbb.json
Processed and removed grad_695cb84c5bd2b.json
Processed and removed grad_695cb84b4eabf.json
Processed and removed grad_695cb84c6884a.json
Processed and removed grad_695cb84b5bebe.json
Processed and removed grad_695cb84b27955.json
Processed and removed grad_695cb84c4f099.json
Processed and removed grad_695cb84ce7983.json
Processed and removed grad_695cb84c850b5.json
Processed and removed grad_695cb84c10817.json
Processed and removed grad_695cb84cefdca.json
Processed and removed grad_695cb84bc7058.json
Processed and removed grad_695cb84b9f2ce.json
Processed and removed grad_695cb84c7dd1d.json
Processed and removed grad_695cb84b85175.json
Processed and removed grad_695cb84b11b56.json
Processed and removed grad_695cb84c6810b.json
Processed and removed grad_695cb84aab856.json
Processed and removed grad_695cb84b4dbf9.json
Processed and removed grad_695cb84c8968a.json
Processed and removed grad_695cb84c439cd.json
Processed and removed grad_695cb84c3922d.json
Processed and removed grad_695cb84bb20f9.json
Processed and removed grad_695cb834d9a0c.json
Processed and removed grad_695cb84ba57da.json
Processed and removed grad_695cb84b6a34d.json
Processed and removed grad_695cb84b3c4c6.json
Processed and removed grad_695cb84aac210.json
Processed and removed grad_695cb84b1c20a.json
Processed and removed grad_695cb84c5ca10.json
Processed and removed grad_695cb84b4bd63.json
Processed and removed grad_695cb84c76443.json
Processed and removed grad_695cb84b17d54.json
Processed and removed grad_695cb84b362ad.json
Processed and removed grad_695cb84aefbec.json
Processed and removed grad_695cb84ba2efe.json
Processed and removed grad_695cb84aedcb0.json
Processed and removed grad_695cb84cd487b.json
Processed and removed grad_695cb84b842fd.json
Processed and removed grad_695cb84cbac09.json
Processed and removed grad_695cb84ce0d0f.json
Processed and removed grad_695cb84bdd3e4.json
Processed and removed grad_695cb84c83ebd.json
Processed and removed grad_695cb84b60773.json
Processed and removed grad_695cb84c4125e.json
Processed and removed grad_695cb84c11e5d.json
Processed and removed grad_695cb84c33531.json
Processed and removed grad_695cb84c164aa.json
Processed and removed grad_695cb84b832a0.json
Processed and removed grad_695cb84ca862e.json
Processed and removed grad_695cb84b316f7.json
Processed and removed grad_695cb84bc0e86.json
Processed and removed grad_695cb84bac551.json
Processed and removed grad_695cb84c4a3bc.json
Processed and removed grad_695cb84b9bb54.json
Processed and removed grad_695cb84c2b678.json
Processed and removed grad_695cb868ab44b.json
Processed and removed grad_695cb84c76adc.json
Processed and removed grad_695cb84aeb0c7.json
Processed and removed grad_695cb84c01fdb.json
Processed and removed grad_695cb84b79564.json
Processed and removed grad_695cb84cc4b80.json
Processed and removed grad_695cb84b6f0c0.json
Processed and removed grad_695cb84c7a61f.json
Processed and removed grad_695cb84bd1811.json
Processed and removed grad_695cb84ccb2bd.json
Processed and removed grad_695cb84b01a33.json
Processed and removed grad_695cb84c94c69.json
Processed and removed grad_695cb84beec5f.json
Processed and removed grad_695cb84c74130.json
Processed and removed grad_695cb84ba4c29.json
Processed and removed grad_695cb84cb095c.json
Processed and removed grad_695cb84cd24fd.json
Processed and removed grad_695cb84c32681.json
Processed and removed grad_695cb84ad7e09.json
Processed and removed grad_695cb84bbdea5.json
Processed and removed grad_695cb84bdf2b0.json
Processed and removed grad_695cb84c22cb8.json
Processed and removed grad_695cb84bf1988.json
Processed and removed grad_695cb84ceac96.json
Processed and removed grad_695cb84b45ab0.json
Processed and removed grad_695cb84be736f.json
Processed and removed grad_695cb84b274fd.json
Processed and removed grad_695cb84ca6016.json
Processed and removed grad_695cb84bc4c1a.json
Processed and removed grad_695cb84bd6f19.json
Processed and removed grad_695cb84c4ade0.json
Processed and removed grad_695cb84bad50e.json
Processed and removed grad_695cb84ac6f67.json
Processed and removed grad_695cb84c3cdd6.json
Processed and removed grad_695cb84b84b0a.json
Processed and removed grad_695cb84b30b04.json
Processed and removed grad_695cb84b96955.json
Processed and removed grad_695cb84b73f66.json
Processed and removed grad_695cb84b4ab79.json
Processed and removed grad_695cb84cd7aec.json
Processed and removed grad_695cb84b8227b.json
Processed and removed grad_695cb84b673f3.json
Processed and removed grad_695cb84c0dcc2.json
Processed and removed grad_695cb84b00e74.json
Processed and removed grad_695cb84b1cc23.json
Processed and removed grad_695cb84badb95.json
Processed and removed grad_695cb84cb680e.json
Processed and removed grad_695cb84c2938a.json
Processed and removed grad_695cb84b9fb63.json
Processed and removed grad_695cb84bd6953.json
Processed and removed grad_695cb84add5ed.json
Processed and removed grad_695cb84b19bc1.json
Processed and removed grad_695cb84ca242a.json
Processed and removed grad_695cb84ca1d37.json
Processed and removed grad_695cb84c9fb90.json
Processed and removed grad_695cb84c8069d.json
Processed and removed grad_695cb84c19cfc.json
Processed and removed grad_695cb84bb39ee.json
Processed and removed grad_695cb84c798f0.json
Processed and removed grad_695cb84bab95d.json
Processed and removed grad_695cb84cf056d.json
Processed and removed grad_695cb84b8dfa1.json
Processed and removed grad_695cb84cb1075.json
Processed and removed grad_695cb84c707d5.json
Processed and removed grad_695cb84c2d8f0.json
Processed and removed grad_695cb84be6cd7.json
Processed and removed grad_695cb84c63662.json
Processed and removed grad_695cb84b586eb.json
Processed and removed grad_695cb84cb770b.json
Processed and removed grad_695cb84b1573b.json
Processed and removed grad_695cb84bcaa21.json
Processed and removed grad_695cb84cb8690.json
Processed and removed grad_695cb84b0b341.json
Processed and removed grad_695cb84b47458.json
Processed and removed grad_695cb84b4081f.json
Processed and removed grad_695cb84c79384.json
Processed and removed grad_695cb84b0ea65.json
Processed and removed grad_695cb84b0dbf8.json
Processed and removed grad_695cb84b14aca.json
Processed and removed grad_695cb84b890cc.json
Processed and removed grad_695cb84c2e4f1.json
Processed and removed grad_695cb84bbf0b5.json
Processed and removed grad_695cb84c20884.json
Processed and removed grad_695cb84b3685e.json
Processed and removed grad_695cb84c220a9.json
Processed and removed grad_695cb84c630a6.json
Processed and removed grad_695cb84be66d9.json
Processed and removed grad_695cb84c377eb.json
Processed and removed grad_695cb84b1dd0a.json
Processed and removed grad_695cb84b707f3.json
Processed and removed grad_695cb84ab355b.json
Processed and removed grad_695cb84b685a8.json
Processed and removed grad_695cb84bd7564.json
Processed and removed grad_695cb84cf1a52.json
Processed and removed grad_695cb84c8c6d9.json
Processed and removed grad_695cb84b9e9d3.json
Processed and removed grad_695cb84c8b143.json
Processed and removed grad_695cb84ccd6a8.json
Processed and removed grad_695cb84ae08fd.json
Processed and removed grad_695cb84cdad8f.json
Processed and removed grad_695cb84cc5d71.json
Processed and removed grad_695cb84c48e48.json
Processed and removed grad_695cb84c5df3b.json
Processed and removed grad_695cb84bb5e6b.json
Processed and removed grad_695cb84c4e2a7.json
Processed and removed grad_695cb84b98246.json
Processed and removed grad_695cb84cccabb.json
Processed and removed grad_695cb84c3c3e0.json
Processed and removed grad_695cb84b111c8.json
Processed and removed grad_695cb84c54f15.json
Processed and removed grad_695cb84c4eac3.json
Processed and removed grad_695cb84b91d82.json
Processed and removed grad_695cb84c5ebf1.json
Processed and removed grad_695cb84ad66e1.json
Processed and removed grad_695cb84c6ead1.json
Processed and removed grad_695cb84bc8c9c.json
Processed and removed grad_695cb84c715b4.json
Processed and removed grad_695cb84c45b44.json
Processed and removed grad_695cb84cd6884.json
Processed and removed grad_695cb84c1e494.json
Processed and removed grad_695cb84b1b930.json
Processed and removed grad_695cb84cb6f60.json
Processed and removed grad_695cb84c2720c.json
Processed and removed grad_695cb84bef3cf.json
Processed and removed grad_695cb84c7c6ef.json
Processed and removed grad_695cb84b35004.json
Processed and removed grad_695cb84b23580.json
Processed and removed grad_695cb84ae13e6.json
Processed and removed grad_695cb84be59fa.json
Processed and removed grad_695cb84c99bd9.json
Processed and removed grad_695cb84b594e5.json
Processed and removed grad_695cb84c849b5.json
Processed and removed grad_695cb84b971c8.json
Processed and removed grad_695cb84beaaa9.json
Processed and removed grad_695cb84cde32d.json
Processed and removed grad_695cb84af1496.json
Processed and removed grad_695cb84c4095d.json
Processed and removed grad_695cb84b02b3e.json
Processed and removed grad_695cb84cbd2f5.json
Processed and removed grad_695cb84bac046.json
Processed and removed grad_695cb84c63c8e.json
Processed and removed grad_695cb84b151d0.json
Processed and removed grad_695cb84b40d4a.json
Processed and removed grad_695cb84cdfb8e.json
Processed and removed grad_695cb84b69911.json
Processed and removed grad_695cb84c02844.json
Processed and removed grad_695cb84b3c016.json
Processed and removed grad_695cb84bbb1c8.json
Processed and removed grad_695cb84aab0b1.json
Processed and removed grad_695cb84cceb0f.json
Processed and removed grad_695cb84ba6c61.json
Processed and removed grad_695cb84b097ae.json
Processed and removed grad_695cb84b98b8b.json
Processed and removed grad_695cb84beff56.json
Processed and removed grad_695cb84b925fa.json
Processed and removed grad_695cb84ce2f9f.json
Processed and removed grad_695cb84c2484c.json
Processed and removed grad_695cb84bea608.json
Processed and removed grad_695cb84c4a933.json
Processed and removed grad_695cb84c833f7.json
Processed and removed grad_695cb84c8587d.json
Processed and removed grad_695cb84bba90a.json
Processed and removed grad_695cb84c5241f.json
Processed and removed grad_695cb84bc589c.json
Processed and removed grad_695cb84ae585e.json
Processed and removed grad_695cb84b722cf.json
Processed and removed grad_695cb84b53e33.json
Processed and removed grad_695cb84bd128f.json
Processed and removed grad_695cb84b35bf1.json
Processed and removed grad_695cb84cd755b.json
Processed and removed grad_695cb84c32f77.json
Processed and removed grad_695cb84b8aacf.json
Processed and removed grad_695cb84cc3136.json
Processed and removed grad_695cb84b034b7.json
Processed and removed grad_695cb84bd56de.json
Processed and removed grad_695cb84b42be8.json
Processed and removed grad_695cb84b68cd9.json
Processed and removed grad_695cb84b6ddf8.json
Processed and removed grad_695cb84b8988d.json
Processed and removed grad_695cb84c460f6.json
Processed and removed grad_695cb84c23641.json
Processed and removed grad_695cb84bec5c5.json
Processed and removed grad_695cb84cb0d28.json
Processed and removed grad_695cb84c57445.json
Processed and removed grad_695cb84be3547.json
Processed and removed grad_695cb84b7e62f.json
Processed and removed grad_695cb84aea4ac.json
Processed and removed grad_695cb84b30476.json
Processed and removed grad_695cb84b189d5.json
Processed and removed grad_695cb84bebf1b.json
Processed and removed grad_695cb84c038d0.json
Processed and removed grad_695cb84b87782.json
Processed and removed grad_695cb84b8d6da.json
Processed and removed grad_695cb84b4fec5.json
Processed and removed grad_695cb84b42677.json
Processed and removed grad_695cb84b1fc9a.json
Processed and removed grad_695cb84b58e0e.json
Processed and removed grad_695cb84cc6bdd.json
Processed and removed grad_695cb84be1dd0.json
Processed and removed grad_695cb84aec379.json
Processed and removed grad_695cb84c9a332.json
Processed and removed grad_695cb84bc5251.json
Processed and removed grad_695cb84c9e371.json
Processed and removed grad_695cb84b910b2.json
Processed and removed grad_695cb84b44b42.json
Processed and removed grad_695cb84be9fea.json
Processed and removed grad_695cb84b3ee46.json
Processed and removed grad_695cb84ba188b.json
Processed and removed grad_695cb84b55327.json
Processed and removed grad_695cb84b6fc1d.json
Processed and removed grad_695cb84bcfed7.json
Processed and removed grad_695cb84b7e990.json
Processed and removed grad_695cb84c7f305.json
Processed and removed grad_695cb84b53997.json
Processed and removed grad_695cb84c0d313.json
Processed and removed grad_695cb84cdc6f6.json
Processed and removed grad_695cb84c937b6.json
Processed and removed grad_695cb84b8ba54.json
Processed and removed grad_695cb84c5d2ba.json
Processed and removed grad_695cb84c36baf.json
Processed and removed grad_695cb84b1e3cf.json
Processed and removed grad_695cb84b9a3ff.json
Processed and removed grad_695cb84be104c.json
Processed and removed grad_695cb84b49821.json
Processed and removed grad_695cb84c0888a.json
Processed and removed grad_695cb84be8005.json
Processed and removed grad_695cb84c95dfa.json
Processed and removed grad_695cb84c65883.json
Processed and removed grad_695cb84b7d488.json
Processed and removed grad_695cb84b0a072.json
Processed and removed grad_695cb84c3c90e.json
Processed and removed grad_695cb84beaf7b.json
Processed and removed grad_695cb84af1ebb.json
Processed and removed grad_695cb84c7ab73.json
Processed and removed grad_695cb84c6f780.json
Processed and removed grad_695cb84b460b6.json
Processed and removed grad_695cb84b19602.json
Processed and removed grad_695cb84cd1afe.json
Processed and removed grad_695cb84bb17fc.json
Processed and removed grad_695cb84b9ae79.json
Processed and removed grad_695cb84ca4464.json
Processed and removed grad_695cb84b89fe4.json
Processed and removed grad_695cb84c9cea0.json
Processed and removed grad_695cb84c0998d.json
Processed and removed grad_695cb84ad3108.json
Processed and removed grad_695cb84bf2483.json
Processed and removed grad_695cb84c2018f.json
Processed and removed grad_695cb84ccdd5a.json
Processed and removed grad_695cb84bcb874.json
Processed and removed grad_695cb84c157f7.json
Processed and removed grad_695cb84b960e6.json
Processed and removed grad_695cb84b295af.json
Processed and removed grad_695cb84ba9417.json
Processed and removed grad_695cb84cec51f.json
Processed and removed grad_695cb84b82a74.json
Processed and removed grad_695cb84be2a5f.json
Processed and removed grad_695cb84c3b62a.json
Processed and removed grad_695cb84ba7262.json
Processed and removed grad_695cb84c049a0.json
Processed and removed grad_695cb84c03f2d.json
Processed and removed grad_695cb84b30f84.json
Processed and removed grad_695cb84cc124c.json
Processed and removed grad_695cb84b7783a.json
Processed and removed grad_695cb84b3b94c.json
Processed and removed grad_695cb84c3e0ea.json
Processed and removed grad_695cb84cba264.json
Processed and removed grad_695cb84c36653.json
Processed and removed grad_695cb84aecffd.json
Processed and removed grad_695cb84c19669.json
Processed and removed grad_695cb84aeea8e.json
Processed and removed grad_695cb84b190a7.json
Processed and removed grad_695cb84b77d21.json
Processed and removed grad_695cb84c56678.json
Processed and removed grad_695cb84af08bf.json
Processed and removed grad_695cb84b0623a.json
Processed and removed grad_695cb84cd16a6.json
Processed and removed grad_695cb84b4a2c9.json
Processed and removed grad_695cb84b174b2.json
Processed and removed grad_695cb84b4a725.json
Processed and removed grad_695cb84cc7bae.json
Processed and removed grad_695cb84c0cb6b.json
Processed and removed grad_695cb84bb1c8c.json
Processed and removed grad_695cb84bb0dca.json
Processed and removed grad_695cb84ae2ca6.json
Processed and removed grad_695cb84c1fbac.json
Processed and removed grad_695cb84c29df5.json
Processed and removed grad_695cb84b03d24.json
Processed and removed grad_695cb84bb7fd4.json
Processed and removed grad_695cb84b528fe.json
Processed and removed grad_695cb84cc74c9.json
Processed and removed grad_695cb84c44296.json
Processed and removed grad_695cb84b2ba80.json
Processed and removed grad_695cb84ce9238.json
Processed and removed grad_695cb84c6fe15.json
Processed and removed grad_695cb84c13d6e.json
Processed and removed grad_695cb84b53518.json
Processed and removed grad_695cb84c250df.json
Processed and removed grad_695cb84c1b435.json
Processed and removed grad_695cb84b23be8.json
Processed and removed grad_695cb84b93568.json
Processed and removed grad_695cb84cbbb03.json
Processed and removed grad_695cb84bcbd74.json
Processed and removed grad_695cb84b953b3.json
Processed and removed grad_695cb84b2c9d1.json
Processed and removed grad_695cb84b3af10.json
Processed and removed grad_695cb84cd1e82.json
Processed and removed grad_695cb84acf5b3.json
Processed and removed grad_695cb84ce515d.json
Processed and removed grad_695cb84c320b4.json
Processed and removed grad_695cb84ce72d2.json
Processed and removed grad_695cb84b3c9ca.json
Processed and removed grad_695cb84b74dc9.json
Processed and removed grad_695cb84ad046f.json
Processed and removed grad_695cb84adc23a.json
Processed and removed grad_695cb84bd26f0.json
Processed and removed grad_695cb84bb67df.json
Processed and removed grad_695cb84ad9b46.json
Processed and removed grad_695cb84b23270.json
Processed and removed grad_695cb84ceba95.json
Processed and removed grad_695cb84b9c2a8.json
Processed and removed grad_695cb84cd2b2c.json
Processed and removed grad_695cb84cec0d1.json
Processed and removed grad_695cb84b4ef54.json
Processed and removed grad_695cb84ca3b31.json
Processed and removed grad_695cb84cbc833.json
Processed and removed grad_695cb84bd0c0f.json
Processed and removed grad_695cb84b7a605.json
Processed and removed grad_695cb84cbebf3.json
Processed and removed grad_695cb84b51362.json
Processed and removed grad_695cb84cab1da.json
Processed and removed grad_695cb84be4206.json
Processed and removed grad_695cb84ca50b7.json
Processed and removed grad_695cb84bc9366.json
Processed and removed grad_695cb84b1d56b.json
Processed and removed grad_695cb84bdc5ee.json
Processed and removed grad_695cb84ae829d.json
Processed and removed grad_695cb84c97b79.json
Processed and removed grad_695cb84c75601.json
Processed and removed grad_695cb84b88105.json
Processed and removed grad_695cb84b7e28e.json
Processed and removed grad_695cb84c66168.json
Processed and removed grad_695cb84ced9b7.json
Processed and removed grad_695cb84bbad29.json
Processed and removed grad_695cb84b22ed1.json
Processed and removed grad_695cb84baa8c2.json
Processed and removed grad_695cb84c403bf.json
Processed and removed grad_695cb84b0c776.json
Processed and removed grad_695cb84b27dcf.json
Processed and removed grad_695cb84c7c07b.json
Processed and removed grad_695cb84c98949.json
Processed and removed grad_695cb84c30e7d.json
Processed and removed grad_695cb84c5c4b9.json
Processed and removed grad_695cb84b7ee03.json
Processed and removed grad_695cb84b323f6.json
Processed and removed grad_695cb84c80d77.json
Processed and removed grad_695cb84cd7050.json
Processed and removed grad_695cb84b9c9e7.json
Processed and removed grad_695cb84b05cc1.json
Processed and removed grad_695cb84b09068.json
Processed and removed grad_695cb84c0c286.json
Processed and removed grad_695cb84cdb22b.json
Processed and removed grad_695cb84c642f3.json
Processed and removed grad_695cb84c6d2a8.json
Processed and removed grad_695cb84c083e5.json
Processed and removed grad_695cb84bbc423.json
Processed and removed grad_695cb84c2c8c8.json
Processed and removed grad_695cb84ca745b.json
Processed and removed grad_695cb84adda41.json
Processed and removed grad_695cb84b79d32.json
Processed and removed grad_695cb84b0f1d0.json
Processed and removed grad_695cb84b2d87e.json
Processed and removed grad_695cb84b22601.json
Processed and removed grad_695cb84acb8a3.json
Processed and removed grad_695cb84c1a1ec.json
Processed and removed grad_695cb84ad7961.json
Processed and removed grad_695cb84c78265.json
Processed and removed grad_695cb84c9b282.json
Processed and removed grad_695cb84b0f7fa.json
Processed and removed grad_695cb84ca7d42.json
Processed and removed grad_695cb84b49162.json
Processed and removed grad_695cb84b52fcc.json
Processed and removed grad_695cb84cb7ee0.json
Processed and removed grad_695cb84c9940f.json
Processed and removed grad_695cb84bcc98b.json
Processed and removed grad_695cb84ae97df.json
Processed and removed grad_695cb84c2598c.json
Model version updated to: 1.0.1767684394
✅ Training complete. New model deployed.
Training finished at Tue Jan  6 12:56:34 IST 2026
------------------------------------------------
------------------------------------------------
Starting Monthly Training at Tue Jan  6 12:58:13 IST 2026
=== Federated Learning Server Automation ===
Found 321 pending updates.
Starting training with 321 new samples...
Optimization in progress...
Processed and removed grad_695cb94d9db05.json
Processed and removed grad_695cb94dbf55c.json
Processed and removed grad_695cb94ddb475.json
Processed and removed grad_695cb94d748bb.json
Processed and removed grad_695cb94e309d6.json
Processed and removed grad_695cb94db4c78.json
Processed and removed grad_695cb94d9cbae.json
Processed and removed grad_695cb94d76f6a.json
Processed and removed grad_695cb94db42c9.json
Processed and removed grad_695cb94d6219e.json
Processed and removed grad_695cb94e14d20.json
Processed and removed grad_695cb94e30e2d.json
Processed and removed grad_695cb94ddbc7a.json
Processed and removed grad_695cb94dc554c.json
Processed and removed grad_695cb94e2d019.json
Processed and removed grad_695cb94e083fc.json
Processed and removed grad_695cb94d7b720.json
Processed and removed grad_695cb94d85049.json
Processed and removed grad_695cb94d88525.json
Processed and removed grad_695cb94e2b7c7.json
Processed and removed grad_695cb94d6043c.json
Processed and removed grad_695cb94d63255.json
Processed and removed grad_695cb94d77a65.json
Processed and removed grad_695cb94e54a37.json
Processed and removed grad_695cb94de84e6.json
Processed and removed grad_695cb94d73717.json
Processed and removed grad_695cb94db5c9a.json
Processed and removed grad_695cb94d5a05a.json
Processed and removed grad_695cb94e5e8af.json
Processed and removed grad_695cb94e56469.json
Processed and removed grad_695cb94e34d9f.json
Processed and removed grad_695cb94d48abf.json
Processed and removed grad_695cb94da3c55.json
Processed and removed grad_695cb94e31850.json
Processed and removed grad_695cb94d8f8b0.json
Processed and removed grad_695cb94e1a21e.json
Processed and removed grad_695cb94db83ce.json
Processed and removed grad_695cb94d984a2.json
Processed and removed grad_695cb94d8c0db.json
Processed and removed grad_695cb94d68137.json
Processed and removed grad_695cb94e2998f.json
Processed and removed grad_695cb94ddcbe7.json
Processed and removed grad_695cb94e4a102.json
Processed and removed grad_695cb94e0d2fe.json
Processed and removed grad_695cb94e3526d.json
Processed and removed grad_695cb94dc27b4.json
Processed and removed grad_695cb94d62abd.json
Processed and removed grad_695cb94d97628.json
Processed and removed grad_695cb94daeaa8.json
Processed and removed grad_695cb94e1ecb7.json
Processed and removed grad_695cb94dace6c.json
Processed and removed grad_695cb94e674f9.json
Processed and removed grad_695cb94e23bfe.json
Processed and removed grad_695cb94d9b4a9.json
Processed and removed grad_695cb94de7d21.json
Processed and removed grad_695cb94d6d905.json
Processed and removed grad_695cb94e26357.json
Processed and removed grad_695cb94d670c3.json
Processed and removed grad_695cb94e5a568.json
Processed and removed grad_695cb94e35c1f.json
Processed and removed grad_695cb94d60f97.json
Processed and removed grad_695cb94d8a420.json
Processed and removed grad_695cb94e54ee9.json
Processed and removed grad_695cb94df0e1e.json
Processed and removed grad_695cb94d81637.json
Processed and removed grad_695cb94e50d01.json
Processed and removed grad_695cb94df1617.json
Processed and removed grad_695cb94d8418e.json
Processed and removed grad_695cb94dbb832.json
Processed and removed grad_695cb94d89753.json
Processed and removed grad_695cb94e4b1a7.json
Processed and removed grad_695cb94dd5e38.json
Processed and removed grad_695cb94de64fb.json
Processed and removed grad_695cb94dbe709.json
Processed and removed grad_695cb94d7d2e5.json
Processed and removed grad_695cb94de6cc1.json
Processed and removed grad_695cb94dd205d.json
Processed and removed grad_695cb94d6d0a5.json
Processed and removed grad_695cb94e2eb7c.json
Processed and removed grad_695cb94e57865.json
Processed and removed grad_695cb94d937cf.json
Processed and removed grad_695cb94e685eb.json
Processed and removed grad_695cb94df1e43.json
Processed and removed grad_695cb94d9eda7.json
Processed and removed grad_695cb94d99b83.json
Processed and removed grad_695cb94d521e7.json
Processed and removed grad_695cb94e2256e.json
Processed and removed grad_695cb94d85e36.json
Processed and removed grad_695cb94d45b2b.json
Processed and removed grad_695cb94e42bcc.json
Processed and removed grad_695cb94e312e9.json
Processed and removed grad_695cb94d792e0.json
Processed and removed grad_695cb94d566ca.json
Processed and removed grad_695cb94d6562a.json
Processed and removed grad_695cb94e5db4d.json
Processed and removed grad_695cb94e099b4.json
Processed and removed grad_695cb94dd824b.json
Processed and removed grad_695cb94e30482.json
Processed and removed grad_695cb94e65d94.json
Processed and removed grad_695cb94dadcf4.json
Processed and removed grad_695cb94d866c1.json
Processed and removed grad_695cb94e26813.json
Processed and removed grad_695cb94e6231f.json
Processed and removed grad_695cb94e4ab8d.json
Processed and removed grad_695cb94dbd410.json
Processed and removed grad_695cb94db9a5f.json
Processed and removed grad_695cb94db33fc.json
Processed and removed grad_695cb94e3f235.json
Processed and removed grad_695cb94e6925d.json
Processed and removed grad_695cb94dbeeaf.json
Processed and removed grad_695cb94e25cee.json
Processed and removed grad_695cb94dbdbd9.json
Processed and removed grad_695cb94dd50e5.json
Processed and removed grad_695cb94e070c5.json
Processed and removed grad_695cb94ded35c.json
Processed and removed grad_695cb94e3db87.json
Processed and removed grad_695cb94d58573.json
Processed and removed grad_695cb94e51e78.json
Processed and removed grad_695cb94e0d796.json
Processed and removed grad_695cb94e332d4.json
Processed and removed grad_695cb94e2049c.json
Processed and removed grad_695cb94dd0ede.json
Processed and removed grad_695cb94db20a7.json
Processed and removed grad_695cb94e1f97d.json
Processed and removed grad_695cb94db3c17.json
Processed and removed grad_695cb94d71f52.json
Processed and removed grad_695cb94da9319.json
Processed and removed grad_695cb94dab4c4.json
Processed and removed grad_695cb94dcd15d.json
Processed and removed grad_695cb94dec424.json
Processed and removed grad_695cb94dd3799.json
Processed and removed grad_695cb94e1abe0.json
Processed and removed grad_695cb94d73f7c.json
Processed and removed grad_695cb94e3992b.json
Processed and removed grad_695cb94e051c7.json
Processed and removed grad_695cb94e2bc2b.json
Processed and removed grad_695cb94d72eeb.json
Processed and removed grad_695cb94e3e0e7.json
Processed and removed grad_695cb94d6e172.json
Processed and removed grad_695cb94d52a4c.json
Processed and removed grad_695cb94d9401c.json
Processed and removed grad_695cb94e4f2d1.json
Processed and removed grad_695cb94d81e39.json
Processed and removed grad_695cb94e44916.json
Processed and removed grad_695cb94d80305.json
Processed and removed grad_695cb94e55716.json
Processed and removed grad_695cb94e5e1e8.json
Processed and removed grad_695cb94d5009d.json
Processed and removed grad_695cb94d7f1f7.json
Processed and removed grad_695cb94e08acc.json
Processed and removed grad_695cb94de5456.json
Processed and removed grad_695cb94da8315.json
Processed and removed grad_695cb94e184de.json
Processed and removed grad_695cb94e44446.json
Processed and removed grad_695cb94e5fb8b.json
Processed and removed grad_695cb94e0abae.json
Processed and removed grad_695cb94d78bad.json
Processed and removed grad_695cb94d71597.json
Processed and removed grad_695cb94e16ad8.json
Processed and removed grad_695cb94e3a2aa.json
Processed and removed grad_695cb94da35bc.json
Processed and removed grad_695cb94d5d122.json
Processed and removed grad_695cb94e1060a.json
Processed and removed grad_695cb94e598d1.json
Processed and removed grad_695cb94de7501.json
Processed and removed grad_695cb94dcbc59.json
Processed and removed grad_695cb94e278ec.json
Processed and removed grad_695cb94e1c0c9.json
Processed and removed grad_695cb94e49ab2.json
Processed and removed grad_695cb94dc87d6.json
Processed and removed grad_695cb94ddc503.json
Processed and removed grad_695cb94dc4015.json
Processed and removed grad_695cb94dcae1c.json
Processed and removed grad_695cb94e4f928.json
Processed and removed grad_695cb94e01b17.json
Processed and removed grad_695cb94da2e7a.json
Processed and removed grad_695cb94e3941c.json
Processed and removed grad_695cb94d952b8.json
Processed and removed grad_695cb94df03b3.json
Processed and removed grad_695cb94e4a5e2.json
Processed and removed grad_695cb94d6784d.json
Processed and removed grad_695cb94e645de.json
Processed and removed grad_695cb94d61889.json
Processed and removed grad_695cb94d57954.json
Processed and removed grad_695cb94d80ddf.json
Processed and removed grad_695cb94d783f1.json
Processed and removed grad_695cb94d7e9b8.json
Processed and removed grad_695cb94e62e0e.json
Processed and removed grad_695cb94d4a87b.json
Processed and removed grad_695cb94e39dd7.json
Processed and removed grad_695cb94e5f532.json
Processed and removed grad_695cb94e034d9.json
Processed and removed grad_695cb94d82a7a.json
Processed and removed grad_695cb94e02c4d.json
Processed and removed grad_695cb94dd6bf6.json
Processed and removed grad_695cb94dc6072.json
Processed and removed grad_695cb94e3c464.json
Processed and removed grad_695cb94e360b8.json
Processed and removed grad_695cb94dd57fe.json
Processed and removed grad_695cb94e543a7.json
Processed and removed grad_695cb94deb923.json
Processed and removed grad_695cb94e044ea.json
Processed and removed grad_695cb94d8c589.json
Processed and removed grad_695cb94d64cde.json
Processed and removed grad_695cb94dae32d.json
Processed and removed grad_695cb94e17253.json
Processed and removed grad_695cb94e468bc.json
Processed and removed grad_695cb94e5ab96.json
Processed and removed grad_695cb94da6d5f.json
Processed and removed grad_695cb94de31e7.json
Processed and removed grad_695cb94e13c1b.json
Processed and removed grad_695cb94df29a5.json
Processed and removed grad_695cb94dcfc21.json
Processed and removed grad_695cb94dea9b0.json
Processed and removed grad_695cb94d53ce9.json
Processed and removed grad_695cb94d544bb.json
Processed and removed grad_695cb94d5e3a0.json
Processed and removed grad_695cb94df31f8.json
Processed and removed grad_695cb94e3e77e.json
Processed and removed grad_695cb94da8b4b.json
Processed and removed grad_695cb94d98ce9.json
Processed and removed grad_695cb94d6f1d9.json
Processed and removed grad_695cb94e43d58.json
Processed and removed grad_695cb94e59ed9.json
Processed and removed grad_695cb94e4326b.json
Processed and removed grad_695cb94da1f78.json
Processed and removed grad_695cb94e5376a.json
Processed and removed grad_695cb94e20a37.json
Processed and removed grad_695cb94e505d8.json
Processed and removed grad_695cb94d5dbac.json
Processed and removed grad_695cb94e2b25e.json
Processed and removed grad_695cb94d66937.json
Processed and removed grad_695cb94e27ec6.json
Processed and removed grad_695cb94e134f3.json
Processed and removed grad_695cb94e03c49.json
Processed and removed grad_695cb94e668c0.json
Processed and removed grad_695cb94d6b919.json
Processed and removed grad_695cb94e4d1fa.json
Processed and removed grad_695cb94deb267.json
Processed and removed grad_695cb94e48880.json
Processed and removed grad_695cb94dca899.json
Processed and removed grad_695cb94d79c35.json
Processed and removed grad_695cb94d533d9.json
Processed and removed grad_695cb94e12dbe.json
Processed and removed grad_695cb94d8f0d4.json
Processed and removed grad_695cb94dba948.json
Processed and removed grad_695cb94e18ba8.json
Processed and removed grad_695cb94e22c00.json
Processed and removed grad_695cb94e37bb2.json
Processed and removed grad_695cb94dad702.json
Processed and removed grad_695cb94da4503.json
Processed and removed grad_695cb94e1d9c4.json
Processed and removed grad_695cb94d9a321.json
Processed and removed grad_695cb94e67c0f.json
Processed and removed grad_695cb94dafec6.json
Processed and removed grad_695cb94d5a94f.json
Processed and removed grad_695cb94e5b1eb.json
Processed and removed grad_695cb94da7564.json
Processed and removed grad_695cb94e1bb56.json
Processed and removed grad_695cb94d86e5b.json
Processed and removed grad_695cb94e0771a.json
Processed and removed grad_695cb94e3a829.json
Processed and removed grad_695cb94e40d1c.json
Processed and removed grad_695cb94dba207.json
Processed and removed grad_695cb94e63908.json
Processed and removed grad_695cb94d5199c.json
Processed and removed grad_695cb94d907dd.json
Processed and removed grad_695cb94e3ec73.json
Processed and removed grad_695cb94dc7f24.json
Processed and removed grad_695cb94ddaca6.json
Processed and removed grad_695cb94decbcb.json
Processed and removed grad_695cb94d7c943.json
Processed and removed grad_695cb94dd65a9.json
Processed and removed grad_695cb94da0c93.json
Processed and removed grad_695cb94de092e.json
Processed and removed grad_695cb94d495c3.json
Processed and removed grad_695cb94d9c17f.json
Processed and removed grad_695cb94de1fc8.json
Processed and removed grad_695cb94e0eaed.json
Processed and removed grad_695cb94d7e1f5.json
Processed and removed grad_695cb94dc4842.json
Processed and removed grad_695cb94d9e2f2.json
Processed and removed grad_695cb94e2d5c0.json
Processed and removed grad_695cb94e0c3e6.json
Processed and removed grad_695cb94d6c27a.json
Processed and removed grad_695cb94e0ce3b.json
Processed and removed grad_695cb94d49fe6.json
Processed and removed grad_695cb94de26d8.json
Processed and removed grad_695cb94d9176a.json
Processed and removed grad_695cb94d597c2.json
Processed and removed grad_695cb94e0e566.json
Processed and removed grad_695cb94e35739.json
Processed and removed grad_695cb94dc35b6.json
Processed and removed grad_695cb94e63fb4.json
Processed and removed grad_695cb94d96ad0.json
Processed and removed grad_695cb94dc056c.json
Processed and removed grad_695cb94d8e46f.json
Processed and removed grad_695cb94d90fd7.json
Processed and removed grad_695cb94e11fd5.json
Processed and removed grad_695cb94e61aa7.json
Processed and removed grad_695cb94e5f020.json
Processed and removed grad_695cb94e1d480.json
Processed and removed grad_695cb94d92cac.json
Processed and removed grad_695cb94d95d83.json
Processed and removed grad_695cb94e4ff11.json
Processed and removed grad_695cb94e590b0.json
Processed and removed grad_695cb94d874a4.json
Processed and removed grad_695cb94dceff6.json
Processed and removed grad_695cb94e05993.json
Processed and removed grad_695cb94dccb41.json
Processed and removed grad_695cb94d8baa9.json
Processed and removed grad_695cb94e68c52.json
Processed and removed grad_695cb94db8ffc.json
Processed and removed grad_695cb94de10fc.json
Processed and removed grad_695cb94dd06be.json
Processed and removed grad_695cb94e127f6.json
Processed and removed grad_695cb94dde85e.json
Processed and removed grad_695cb94da9ca8.json
Processed and removed grad_695cb94dd2749.json
Processed and removed grad_695cb94de1866.json
Processed and removed grad_695cb94d69544.json
Model version updated to: 1.0.1767684495
✅ Training complete. New model deployed.
Training finished at Tue Jan  6 12:58:15 IST 2026
------------------------------------------------
------------------------------------------------
Starting Monthly Training at Tue Jan  6 16:09:54 IST 2026
=== Federated Learning Server Automation ===
Found 0 pending updates.
Not enough updates to trigger training (Need 1). Waiting...
Training finished at Tue Jan  6 16:09:54 IST 2026
------------------------------------------------
